[ 2018-06-14T00:33:25+08:00 ] 127.0.0.1 /Admin/Admin/login?t=0.21693689543668992
INFO: [ app_begin ] --START--
INFO: Run Behavior\ReadHtmlCacheBehavior [ RunTime:0.003809s ]
INFO: [ app_begin ] --END-- [ RunTime:0.006787s ]
NOTIC: [8] Undefined index: login G:\WWW\educate\Application\Admin\Common\function.php 第 60 行.
SQL: SHOW COLUMNS FROM `edu_admin` [ RunTime:0.0155s ]
SQL: SELECT * FROM `edu_admin` WHERE `user_name` = 'admin' AND `password` = '519475228fe35ad067744465c42a19b2' LIMIT 1   [ RunTime:0.0012s ]
SQL: SELECT * FROM `edu_admin` WHERE `id` = 1 LIMIT 1   [ RunTime:0.0009s ]
SQL: SHOW COLUMNS FROM `edu_opt_log` [ RunTime:0.0092s ]
SQL: INSERT INTO `edu_opt_log` (`adminer`,`content`,`type`) VALUES ('总管理员','登录后台','1') [ RunTime:0.0029s ]

[ 2018-06-14T00:33:31+08:00 ] 127.0.0.1 /Admin/System/login_task
INFO: [ app_begin ] --START--
INFO: Run Behavior\ReadHtmlCacheBehavior [ RunTime:0.004469s ]
INFO: [ app_begin ] --END-- [ RunTime:0.007455s ]
NOTIC: [8] Undefined index: login_task G:\WWW\educate\Application\Admin\Common\function.php 第 60 行.
NOTIC: [2] Illegal string offset 'id' G:\WWW\educate\Application\Common\Model\AdminModel.class.php 第 47 行.
NOTIC: [8] Uninitialized string offset: 0 G:\WWW\educate\Application\Common\Model\AdminModel.class.php 第 47 行.
SQL: SHOW COLUMNS FROM `edu_admin` [ RunTime:0.0095s ]
SQL: SELECT * FROM `edu_admin` WHERE `id` = 1 LIMIT 1   [ RunTime:0.0008s ]
ERR: 非法操作:login_task

[ 2018-06-14T00:33:50+08:00 ] 127.0.0.1 /Admin/System/login_task
INFO: [ app_begin ] --START--
INFO: Run Behavior\ReadHtmlCacheBehavior [ RunTime:0.001365s ]
INFO: [ app_begin ] --END-- [ RunTime:0.004220s ]
NOTIC: [8] Undefined index: login_task G:\WWW\educate\Application\Admin\Common\function.php 第 60 行.
NOTIC: [2] Illegal string offset 'id' G:\WWW\educate\Application\Common\Model\AdminModel.class.php 第 47 行.
NOTIC: [8] Uninitialized string offset: 0 G:\WWW\educate\Application\Common\Model\AdminModel.class.php 第 47 行.
SQL: SHOW COLUMNS FROM `edu_admin` [ RunTime:0.0109s ]
SQL: SELECT * FROM `edu_admin` WHERE `id` = 2 LIMIT 1   [ RunTime:0.0008s ]
SQL: SELECT * FROM `edu_admin` WHERE `id` = 1 LIMIT 1   [ RunTime:0.0010s ]
ERR: 非法操作:login_task

[ 2018-06-14T00:36:18+08:00 ] 127.0.0.1 /Admin/Course/edit
INFO: [ app_begin ] --START--
INFO: Run Behavior\ReadHtmlCacheBehavior [ RunTime:0.001233s ]
INFO: [ app_begin ] --END-- [ RunTime:0.002516s ]
NOTIC: [8] Undefined index: password G:\WWW\educate\Application\Common\Model\AdminModel.class.php 第 51 行.
SQL: SHOW COLUMNS FROM `edu_admin` [ RunTime:0.0126s ]
SQL: SELECT * FROM `edu_admin` WHERE `id` = 2 LIMIT 1   [ RunTime:0.0008s ]
SQL: SELECT * FROM `edu_admin` WHERE `id` = 2 LIMIT 1   [ RunTime:0.0010s ]
SQL: SELECT * FROM `edu_admin` WHERE `id` = 1 LIMIT 1   [ RunTime:0.0010s ]
SQL: SHOW COLUMNS FROM `edu_course` [ RunTime:0.0069s ]
SQL: UPDATE `edu_course` SET `teacher_id`='4',`name`='茶艺精品课',`type`='8',`price`='1500.00',`pics`='a:1:{i:0;s:62:\"http://educate.com/Upload/images/20180612/9d4c9a8a9f9a7d61.jpg\";}',`link`='',`profile`='精品茶道，等您到来',`content`='&lt;p&gt;&lt;span class=&quot;inner-text-wrapper&quot; style=&quot;position: relative； z-index: 2048； font-family: Menlo, Consolas, Courier, monospace； font-size: 12px；&quot;&gt;&lt;span class=&quot;inner-text&quot; data-type=&quot;node-value&quot; style=&quot;color: rgb(34, 34, 34)； position: relative； z-index: 2048；&quot;&gt;&amp;nbsp； &amp;nbsp； &amp;nbsp； &amp;nbsp； 感恩先人开创的“茶马古道”，让我得以世界闻名，但从来，最好的我们&lt;/span&gt;&lt;/span&gt;&lt;/p&gt;&lt;p&gt;&lt;span class=&quot;inner-text-wrapper&quot; style=&quot;position: relative； z-index: 2048； font-family: Menlo, Consolas, Courier, monospace； font-size: 12px；&quot;&gt;&lt;span class=&quot;inner-text&quot; data-type=&quot;node-value&quot; style=&quot;color: rgb(34, 34, 34)； position: relative； z-index: 2048；&quot;&gt;永远是宫廷贡品除了皇宫贵族就是赠送到国外。我认为，我应该属于更&lt;/span&gt;&lt;/span&gt;&lt;/p&gt;&lt;p&gt;&lt;span class=&quot;inner-text-wrapper&quot; style=&quot;position: relative； z-index: 2048； font-family: Menlo, Consolas, Courier, monospace； font-size: 12px；&quot;&gt;&lt;span class=&quot;inner-text&quot; data-type=&quot;node-value&quot; style=&quot;color: rgb(34, 34, 34)； position: relative； z-index: 2048；&quot;&gt;多人，特别是没有背景，通过自己努力获得成功的人，人类，是靠一代&lt;/span&gt;&lt;/span&gt;&lt;/p&gt;&lt;p&gt;&lt;span class=&quot;inner-text-wrapper&quot; style=&quot;position: relative； z-index: 2048； font-family: Menlo, Consolas, Courier, monospace； font-size: 12px；&quot;&gt;&lt;span class=&quot;inner-text&quot; data-type=&quot;node-value&quot; style=&quot;color: rgb(34, 34, 34)； position: relative； z-index: 2048；&quot;&gt;又一代的人前赴后继才取得进步的，你们都是世界的功臣。所以，我认&lt;/span&gt;&lt;/span&gt;&lt;/p&gt;&lt;p&gt;&lt;span class=&quot;inner-text-wrapper&quot; style=&quot;position: relative； z-index: 2048； font-family: Menlo, Consolas, Courier, monospace； font-size: 12px；&quot;&gt;&lt;span class=&quot;inner-text&quot; data-type=&quot;node-value&quot; style=&quot;color: rgb(34, 34, 34)； position: relative； z-index: 2048；&quot;&gt;为你们更值得拥有。&lt;/span&gt;&lt;/span&gt;&lt;/p&gt;&lt;p&gt;&lt;span class=&quot;inner-text-wrapper&quot; style=&quot;position: relative； z-index: 2048； font-family: Menlo, Consolas, Courier, monospace； font-size: 12px；&quot;&gt;&lt;span class=&quot;inner-text&quot; data-type=&quot;node-value&quot; style=&quot;color: rgb(34, 34, 34)； position: relative； z-index: 2048；&quot;&gt;&amp;nbsp； &amp;nbsp； &amp;nbsp； 世界上最奢侈的艺术品，是你独一无二的人生，&lt;/span&gt;&lt;/span&gt;&lt;/p&gt;&lt;p&gt;&lt;span class=&quot;inner-text-wrapper&quot; style=&quot;position: relative； z-index: 2048； font-family: Menlo, Consolas, Courier, monospace； font-size: 12px；&quot;&gt;&lt;span class=&quot;inner-text&quot; data-type=&quot;node-value&quot; style=&quot;color: rgb(34, 34, 34)； position: relative； z-index: 2048；&quot;&gt;&amp;nbsp； &amp;nbsp； &amp;nbsp； 世界遗产诉说不尽的，是你的人生故事。&lt;/span&gt;&lt;/span&gt;&lt;/p&gt;&lt;p&gt;&lt;span class=&quot;inner-text-wrapper&quot; style=&quot;position: relative； z-index: 2048； font-family: Menlo, Consolas, Courier, monospace； font-size: 12px；&quot;&gt;&lt;span class=&quot;inner-text&quot; data-type=&quot;node-value&quot; style=&quot;color: rgb(34, 34, 34)； position: relative； z-index: 2048；&quot;&gt;&amp;nbsp； &amp;nbsp； &amp;nbsp； 所以，我愿意为你镌刻人生的点滴，我愿意为你诉说关于你的每段故事。&lt;/span&gt;&lt;/span&gt;&lt;/p&gt;&lt;p&gt;&lt;span class=&quot;inner-text-wrapper&quot; style=&quot;position: relative； z-index: 2048； font-family: Menlo, Consolas, Courier, monospace； font-size: 12px；&quot;&gt;&lt;span class=&quot;inner-text&quot; data-type=&quot;node-value&quot; style=&quot;color: rgb(34, 34, 34)； position: relative； z-index: 2048；&quot;&gt;&lt;img src=&quot;/Upload/ueditor/Public/upload/ueditor/20180612/1528808034807448.png&quot; title=&quot;1528808034807448.png&quot; alt=&quot;img1-icon.png&quot;/&gt;&lt;/span&gt;&lt;/span&gt;&lt;/p&gt;&lt;p&gt;&lt;span class=&quot;inner-text-wrapper&quot; style=&quot;position: relative； z-index: 2048； font-family: Menlo, Consolas, Courier, monospace； font-size: 12px；&quot;&gt;&lt;span class=&quot;inner-text&quot; data-type=&quot;node-value&quot; style=&quot;color: rgb(34, 34, 34)； position: relative； z-index: 2048；&quot;&gt;&lt;img src=&quot;/Upload/ueditor/Public/upload/ueditor/20180612/1528808045104283.png&quot; title=&quot;1528808045104283.png&quot; alt=&quot;img2-icon.png&quot;/&gt;&lt;/span&gt;&lt;/span&gt;&lt;/p&gt;',`status`='3' WHERE `id` = '2' [ RunTime:0.0039s ]
SQL: SELECT * FROM `edu_admin` WHERE `id` = 2 LIMIT 1   [ RunTime:0.0007s ]
SQL: SHOW COLUMNS FROM `edu_opt_log` [ RunTime:0.0067s ]
SQL: INSERT INTO `edu_opt_log` (`adminer`,`content`,`type`) VALUES ('朱涛','编辑课程信息','3') [ RunTime:0.0029s ]

[ 2018-06-14T00:36:40+08:00 ] 127.0.0.1 /Admin/Course/edit
INFO: [ app_begin ] --START--
INFO: Run Behavior\ReadHtmlCacheBehavior [ RunTime:0.001023s ]
INFO: [ app_begin ] --END-- [ RunTime:0.002532s ]
NOTIC: [8] Undefined index: password G:\WWW\educate\Application\Common\Model\AdminModel.class.php 第 51 行.
SQL: SHOW COLUMNS FROM `edu_admin` [ RunTime:0.0145s ]
SQL: SELECT * FROM `edu_admin` WHERE `id` = 2 LIMIT 1   [ RunTime:0.0009s ]
SQL: SELECT * FROM `edu_admin` WHERE `id` = 2 LIMIT 1   [ RunTime:0.0009s ]
SQL: SELECT * FROM `edu_admin` WHERE `id` = 1 LIMIT 1   [ RunTime:0.0008s ]
SQL: SHOW COLUMNS FROM `edu_course` [ RunTime:0.0097s ]
SQL: UPDATE `edu_course` SET `teacher_id`='4',`name`='口琴精进班',`type`='4',`price`='988.00',`pics`='a:1:{i:0;s:62:\"http://educate.com/Upload/images/20180612/82bdd32824ee6e5c.jpg\";}',`link`='',`profile`='上课时间自由，课程性价比高，欢迎加入',`content`='&lt;p style=&quot;white-space: normal；&quot;&gt;&lt;span class=&quot;inner-text-wrapper&quot;&gt;&lt;/span&gt;&lt;/p&gt;&lt;p style=&quot;white-space: normal；&quot;&gt;&lt;span class=&quot;inner-text-wrapper&quot;&gt;&amp;nbsp； &amp;nbsp； &amp;nbsp； &amp;nbsp； 感恩先人开创的“茶马古道”，让我得以世界闻名，但从来，最好的我们&lt;/span&gt;&lt;/p&gt;&lt;p style=&quot;white-space: normal；&quot;&gt;&lt;span class=&quot;inner-text-wrapper&quot;&gt;永远是宫廷贡品除了皇宫贵族就是赠送到国外。我认为，我应该属于更&lt;/span&gt;&lt;/p&gt;&lt;p style=&quot;white-space: normal；&quot;&gt;&lt;span class=&quot;inner-text-wrapper&quot;&gt;多人，特别是没有背景，通过自己努力获得成功的人，人类，是靠一代&lt;/span&gt;&lt;/p&gt;&lt;p style=&quot;white-space: normal；&quot;&gt;&lt;span class=&quot;inner-text-wrapper&quot;&gt;又一代的人前赴后继才取得进步的，你们都是世界的功臣。所以，我认&lt;/span&gt;&lt;/p&gt;&lt;p style=&quot;white-space: normal；&quot;&gt;&lt;span class=&quot;inner-text-wrapper&quot;&gt;为你们更值得拥有。&lt;/span&gt;&lt;/p&gt;&lt;p style=&quot;white-space: normal；&quot;&gt;&lt;span class=&quot;inner-text-wrapper&quot;&gt;&amp;nbsp； &amp;nbsp； &amp;nbsp； 世界上最奢侈的艺术品，是你独一无二的人生，&lt;/span&gt;&lt;/p&gt;&lt;p style=&quot;white-space: normal；&quot;&gt;&lt;span class=&quot;inner-text-wrapper&quot;&gt;&amp;nbsp； &amp;nbsp； &amp;nbsp； 世界遗产诉说不尽的，是你的人生故事。&lt;/span&gt;&lt;/p&gt;&lt;p style=&quot;white-space: normal；&quot;&gt;&lt;span class=&quot;inner-text-wrapper&quot;&gt;&amp;nbsp； &amp;nbsp； &amp;nbsp； 所以，我愿意为你镌刻人生的点滴，我愿意为你诉说关于你的每段故事。&lt;/span&gt;&lt;/p&gt;&lt;p style=&quot;white-space: normal；&quot;&gt;&lt;span class=&quot;inner-text-wrapper&quot;&gt;&lt;/span&gt;&lt;br/&gt;&lt;/p&gt;&lt;p style=&quot;white-space: normal；&quot;&gt;&lt;span class=&quot;inner-text-wrapper&quot;&gt;&lt;img src=&quot;http://educate.com/Upload/ueditor/Public/upload/ueditor/20180612/1528808034807448.png&quot; title=&quot;1528808034807448.png&quot; alt=&quot;img1-icon.png&quot;/&gt;&lt;/span&gt;&lt;/p&gt;&lt;p style=&quot;white-space: normal；&quot;&gt;&lt;span class=&quot;inner-text-wrapper&quot;&gt;&lt;img src=&quot;http://educate.com/Upload/ueditor/Public/upload/ueditor/20180612/1528808045104283.png&quot; title=&quot;1528808045104283.png&quot; alt=&quot;img2-icon.png&quot;/&gt;&lt;/span&gt;&lt;/p&gt;&lt;p&gt;&lt;br/&gt;&lt;/p&gt;',`status`='3' WHERE `id` = '1' [ RunTime:0.0036s ]
SQL: SELECT * FROM `edu_admin` WHERE `id` = 2 LIMIT 1   [ RunTime:0.0007s ]
SQL: SHOW COLUMNS FROM `edu_opt_log` [ RunTime:0.0090s ]
SQL: INSERT INTO `edu_opt_log` (`adminer`,`content`,`type`) VALUES ('朱涛','编辑课程信息','3') [ RunTime:0.0031s ]

[ 2018-06-14T00:36:51+08:00 ] 127.0.0.1 /Admin/System/login_task
INFO: [ app_begin ] --START--
INFO: Run Behavior\ReadHtmlCacheBehavior [ RunTime:0.002120s ]
INFO: [ app_begin ] --END-- [ RunTime:0.004387s ]
NOTIC: [8] Undefined index: login_task G:\WWW\educate\Application\Admin\Common\function.php 第 60 行.
NOTIC: [2] Illegal string offset 'id' G:\WWW\educate\Application\Common\Model\AdminModel.class.php 第 47 行.
NOTIC: [8] Uninitialized string offset: 0 G:\WWW\educate\Application\Common\Model\AdminModel.class.php 第 47 行.
SQL: SHOW COLUMNS FROM `edu_admin` [ RunTime:0.0086s ]
SQL: SELECT * FROM `edu_admin` WHERE `id` = 1 LIMIT 1   [ RunTime:0.0009s ]
ERR: 非法操作:login_task

[ 2018-06-14T00:36:59+08:00 ] 127.0.0.1 /Admin/Course/check_course
INFO: [ app_begin ] --START--
INFO: Run Behavior\ReadHtmlCacheBehavior [ RunTime:0.001116s ]
INFO: [ app_begin ] --END-- [ RunTime:0.002440s ]
NOTIC: [8] Undefined index: check_course G:\WWW\educate\Application\Admin\Common\function.php 第 60 行.
NOTIC: [2] Illegal string offset 'id' G:\WWW\educate\Application\Common\Model\AdminModel.class.php 第 47 行.
NOTIC: [8] Uninitialized string offset: 0 G:\WWW\educate\Application\Common\Model\AdminModel.class.php 第 47 行.
SQL: SHOW COLUMNS FROM `edu_admin` [ RunTime:0.0146s ]
SQL: SELECT * FROM `edu_admin` WHERE `id` = 1 LIMIT 1   [ RunTime:0.0007s ]
SQL: SELECT * FROM `edu_admin` WHERE `id` = 1 LIMIT 1   [ RunTime:0.0005s ]
SQL: SHOW COLUMNS FROM `edu_course` [ RunTime:0.0064s ]
SQL: UPDATE `edu_course` SET `status`='1',`check_time`='2018-06-14 00:36:59' WHERE `id` = 1 [ RunTime:0.0033s ]
SQL: SELECT * FROM `edu_admin` WHERE `id` = 1 LIMIT 1   [ RunTime:0.0007s ]
SQL: SHOW COLUMNS FROM `edu_opt_log` [ RunTime:0.0067s ]
SQL: INSERT INTO `edu_opt_log` (`adminer`,`content`,`type`) VALUES ('总管理员','审核课程','3') [ RunTime:0.0030s ]

[ 2018-06-14T00:37:01+08:00 ] 127.0.0.1 /Admin/Course/check_course
INFO: [ app_begin ] --START--
INFO: Run Behavior\ReadHtmlCacheBehavior [ RunTime:0.000914s ]
INFO: [ app_begin ] --END-- [ RunTime:0.001890s ]
NOTIC: [8] Undefined index: check_course G:\WWW\educate\Application\Admin\Common\function.php 第 60 行.
NOTIC: [2] Illegal string offset 'id' G:\WWW\educate\Application\Common\Model\AdminModel.class.php 第 47 行.
NOTIC: [8] Uninitialized string offset: 0 G:\WWW\educate\Application\Common\Model\AdminModel.class.php 第 47 行.
SQL: SHOW COLUMNS FROM `edu_admin` [ RunTime:0.0140s ]
SQL: SELECT * FROM `edu_admin` WHERE `id` = 1 LIMIT 1   [ RunTime:0.0009s ]
SQL: SELECT * FROM `edu_admin` WHERE `id` = 1 LIMIT 1   [ RunTime:0.0005s ]
SQL: SHOW COLUMNS FROM `edu_course` [ RunTime:0.0093s ]
SQL: UPDATE `edu_course` SET `status`='1',`check_time`='2018-06-14 00:37:01' WHERE `id` = 2 [ RunTime:0.0020s ]
SQL: SELECT * FROM `edu_admin` WHERE `id` = 1 LIMIT 1   [ RunTime:0.0005s ]
SQL: SHOW COLUMNS FROM `edu_opt_log` [ RunTime:0.0067s ]
SQL: INSERT INTO `edu_opt_log` (`adminer`,`content`,`type`) VALUES ('总管理员','审核课程','3') [ RunTime:0.0031s ]

[ 2018-06-14T00:37:37+08:00 ] 127.0.0.1 /Admin/System/login_task
INFO: [ app_begin ] --START--
INFO: Run Behavior\ReadHtmlCacheBehavior [ RunTime:0.001315s ]
INFO: [ app_begin ] --END-- [ RunTime:0.002905s ]
NOTIC: [8] Undefined index: login_task G:\WWW\educate\Application\Admin\Common\function.php 第 60 行.
NOTIC: [2] Illegal string offset 'id' G:\WWW\educate\Application\Common\Model\AdminModel.class.php 第 47 行.
NOTIC: [8] Uninitialized string offset: 0 G:\WWW\educate\Application\Common\Model\AdminModel.class.php 第 47 行.
SQL: SHOW COLUMNS FROM `edu_admin` [ RunTime:0.0156s ]
SQL: SELECT * FROM `edu_admin` WHERE `id` = 2 LIMIT 1   [ RunTime:0.0010s ]
SQL: SELECT * FROM `edu_admin` WHERE `id` = 1 LIMIT 1   [ RunTime:0.0016s ]
ERR: 非法操作:login_task

[ 2018-06-14T10:33:58+08:00 ] 127.0.0.1 /Admin/Admin/login?t=0.4986701042192305
INFO: [ app_begin ] --START--
INFO: Run Behavior\ReadHtmlCacheBehavior [ RunTime:0.000973s ]
INFO: [ app_begin ] --END-- [ RunTime:0.002041s ]
NOTIC: [8] Undefined index: login G:\WWW\educate\Application\Admin\Common\function.php 第 60 行.
SQL: SHOW COLUMNS FROM `edu_admin` [ RunTime:0.0087s ]
SQL: SELECT * FROM `edu_admin` WHERE `user_name` = 'admin' AND `password` = '519475228fe35ad067744465c42a19b2' LIMIT 1   [ RunTime:0.0010s ]
SQL: SELECT * FROM `edu_admin` WHERE `id` = 1 LIMIT 1   [ RunTime:0.0007s ]
SQL: SHOW COLUMNS FROM `edu_opt_log` [ RunTime:0.0072s ]
SQL: INSERT INTO `edu_opt_log` (`adminer`,`content`,`type`) VALUES ('总管理员','登录后台','1') [ RunTime:0.0032s ]

[ 2018-06-14T10:34:03+08:00 ] 127.0.0.1 /Admin/System/login_task
INFO: [ app_begin ] --START--
INFO: Run Behavior\ReadHtmlCacheBehavior [ RunTime:0.003994s ]
INFO: [ app_begin ] --END-- [ RunTime:0.014473s ]
NOTIC: [8] Undefined index: login_task G:\WWW\educate\Application\Admin\Common\function.php 第 60 行.
NOTIC: [2] Illegal string offset 'id' G:\WWW\educate\Application\Common\Model\AdminModel.class.php 第 47 行.
NOTIC: [8] Uninitialized string offset: 0 G:\WWW\educate\Application\Common\Model\AdminModel.class.php 第 47 行.
SQL: SHOW COLUMNS FROM `edu_admin` [ RunTime:0.0141s ]
SQL: SELECT * FROM `edu_admin` WHERE `id` = 1 LIMIT 1   [ RunTime:0.0010s ]
ERR: 非法操作:login_task

[ 2018-06-14T10:34:10+08:00 ] 127.0.0.1 /Admin/System/login_task
INFO: [ app_begin ] --START--
INFO: Run Behavior\ReadHtmlCacheBehavior [ RunTime:0.001246s ]
INFO: [ app_begin ] --END-- [ RunTime:0.004792s ]
NOTIC: [8] Undefined index: login_task G:\WWW\educate\Application\Admin\Common\function.php 第 60 行.
NOTIC: [2] Illegal string offset 'id' G:\WWW\educate\Application\Common\Model\AdminModel.class.php 第 47 行.
NOTIC: [8] Uninitialized string offset: 0 G:\WWW\educate\Application\Common\Model\AdminModel.class.php 第 47 行.
SQL: SHOW COLUMNS FROM `edu_admin` [ RunTime:0.0070s ]
SQL: SELECT * FROM `edu_admin` WHERE `id` = 2 LIMIT 1   [ RunTime:0.0011s ]
SQL: SELECT * FROM `edu_admin` WHERE `id` = 1 LIMIT 1   [ RunTime:0.0007s ]
ERR: 非法操作:login_task

[ 2018-06-14T10:47:24+08:00 ] 127.0.0.1 /Admin/Order/detail
INFO: [ app_begin ] --START--
INFO: Run Behavior\ReadHtmlCacheBehavior [ RunTime:0.001060s ]
INFO: [ app_begin ] --END-- [ RunTime:0.002306s ]
NOTIC: [8] Undefined index: detail G:\WWW\educate\Application\Admin\Common\function.php 第 60 行.
NOTIC: [2] Illegal string offset 'id' G:\WWW\educate\Application\Common\Model\AdminModel.class.php 第 47 行.
NOTIC: [8] Uninitialized string offset: 0 G:\WWW\educate\Application\Common\Model\AdminModel.class.php 第 47 行.
SQL: SHOW COLUMNS FROM `edu_admin` [ RunTime:0.0137s ]
SQL: SELECT * FROM `edu_admin` WHERE `id` = 2 LIMIT 1   [ RunTime:0.0008s ]
SQL: SELECT * FROM `edu_admin` WHERE `id` = 2 LIMIT 1   [ RunTime:0.0006s ]
SQL: SELECT * FROM `edu_admin` WHERE `id` = 1 LIMIT 1   [ RunTime:0.0009s ]
SQL: SHOW COLUMNS FROM `edu_order` [ RunTime:0.0071s ]
SQL: SELECT * FROM `edu_order` WHERE `id` = 5 LIMIT 1   [ RunTime:0.0006s ]
SQL: SHOW COLUMNS FROM `edu_teacher` [ RunTime:0.0093s ]
SQL: SELECT * FROM `edu_teacher` WHERE ( 1=1 AND id='4' ) LIMIT 1   [ RunTime:0.0011s ]
SQL: SHOW COLUMNS FROM `edu_course` [ RunTime:0.0077s ]
SQL: SELECT * FROM `edu_course` WHERE ( 1=1 AND id='1' ) LIMIT 1   [ RunTime:0.0007s ]
SQL: SHOW COLUMNS FROM `edu_user` [ RunTime:0.0072s ]
SQL: SELECT * FROM `edu_user` WHERE ( 1=1 AND id='19' ) LIMIT 1   [ RunTime:0.0016s ]
INFO: [ view_parse ] --START--
INFO: [ template_filter ] --START--
INFO: Run Behavior\ContentReplaceBehavior [ RunTime:0.000285s ]
INFO: [ template_filter ] --END-- [ RunTime:0.000877s ]
INFO: Run Behavior\ParseTemplateBehavior [ RunTime:0.029248s ]
INFO: [ view_parse ] --END-- [ RunTime:0.029859s ]
INFO: [ view_filter ] --START--
INFO: Run Behavior\WriteHtmlCacheBehavior [ RunTime:0.000853s ]
INFO: Run Behavior\TokenBuildBehavior [ RunTime:0.001260s ]
INFO: [ view_filter ] --END-- [ RunTime:0.002901s ]
INFO: [ app_end ] --START--
INFO: Run Behavior\ShowPageTraceBehavior [ RunTime:0.001014s ]
INFO: [ app_end ] --END-- [ RunTime:0.001750s ]

[ 2018-06-14T12:53:25+08:00 ] 127.0.0.1 /Admin/System/login_task
INFO: [ app_begin ] --START--
INFO: Run Behavior\ReadHtmlCacheBehavior [ RunTime:0.008187s ]
INFO: [ app_begin ] --END-- [ RunTime:0.016430s ]
NOTIC: [8] Undefined index: login_task G:\WWW\educate\Application\Admin\Common\function.php 第 60 行.
NOTIC: [2] Illegal string offset 'id' G:\WWW\educate\Application\Common\Model\AdminModel.class.php 第 47 行.
NOTIC: [8] Uninitialized string offset: 0 G:\WWW\educate\Application\Common\Model\AdminModel.class.php 第 47 行.
SQL: SHOW COLUMNS FROM `edu_admin` [ RunTime:0.0111s ]
SQL: SELECT * FROM `edu_admin` WHERE `id` = 2 LIMIT 1   [ RunTime:0.0009s ]
SQL: SELECT * FROM `edu_admin` WHERE `id` = 1 LIMIT 1   [ RunTime:0.0009s ]
ERR: 非法操作:login_task

[ 2018-06-14T12:53:28+08:00 ] 127.0.0.1 /Admin/System/login_task
INFO: [ app_begin ] --START--
INFO: Run Behavior\ReadHtmlCacheBehavior [ RunTime:0.001639s ]
INFO: [ app_begin ] --END-- [ RunTime:0.003152s ]
NOTIC: [8] Undefined index: login_task G:\WWW\educate\Application\Admin\Common\function.php 第 60 行.
NOTIC: [2] Illegal string offset 'id' G:\WWW\educate\Application\Common\Model\AdminModel.class.php 第 47 行.
NOTIC: [8] Uninitialized string offset: 0 G:\WWW\educate\Application\Common\Model\AdminModel.class.php 第 47 行.
SQL: SHOW COLUMNS FROM `edu_admin` [ RunTime:0.0065s ]
SQL: SELECT * FROM `edu_admin` WHERE `id` = 1 LIMIT 1   [ RunTime:0.0008s ]
ERR: 非法操作:login_task

[ 2018-06-14T12:53:34+08:00 ] 127.0.0.1 /Admin/Admin/login?t=0.12384401558684166
INFO: [ app_begin ] --START--
INFO: Run Behavior\ReadHtmlCacheBehavior [ RunTime:0.001183s ]
INFO: [ app_begin ] --END-- [ RunTime:0.002398s ]
NOTIC: [8] Undefined index: login G:\WWW\educate\Application\Admin\Common\function.php 第 60 行.
SQL: SHOW COLUMNS FROM `edu_admin` [ RunTime:0.0076s ]
SQL: SELECT * FROM `edu_admin` WHERE `user_name` = 'admin' AND `password` = '519475228fe35ad067744465c42a19b2' LIMIT 1   [ RunTime:0.0008s ]
SQL: SELECT * FROM `edu_admin` WHERE `id` = 1 LIMIT 1   [ RunTime:0.0006s ]
SQL: SHOW COLUMNS FROM `edu_opt_log` [ RunTime:0.0083s ]
SQL: INSERT INTO `edu_opt_log` (`adminer`,`content`,`type`) VALUES ('总管理员','登录后台','1') [ RunTime:0.0026s ]

[ 2018-06-14T12:53:41+08:00 ] 127.0.0.1 /Admin/System/login_task
INFO: [ app_begin ] --START--
INFO: Run Behavior\ReadHtmlCacheBehavior [ RunTime:0.001285s ]
INFO: [ app_begin ] --END-- [ RunTime:0.002983s ]
NOTIC: [8] Undefined index: login_task G:\WWW\educate\Application\Admin\Common\function.php 第 60 行.
NOTIC: [2] Illegal string offset 'id' G:\WWW\educate\Application\Common\Model\AdminModel.class.php 第 47 行.
NOTIC: [8] Uninitialized string offset: 0 G:\WWW\educate\Application\Common\Model\AdminModel.class.php 第 47 行.
SQL: SHOW COLUMNS FROM `edu_admin` [ RunTime:0.0108s ]
SQL: SELECT * FROM `edu_admin` WHERE `id` = 1 LIMIT 1   [ RunTime:0.0009s ]
ERR: 非法操作:login_task

[ 2018-06-14T12:54:41+08:00 ] 127.0.0.1 /Admin/Order/detail
INFO: [ app_begin ] --START--
INFO: Run Behavior\ReadHtmlCacheBehavior [ RunTime:0.001473s ]
INFO: [ app_begin ] --END-- [ RunTime:0.003360s ]
NOTIC: [8] Undefined index: detail G:\WWW\educate\Application\Admin\Common\function.php 第 60 行.
NOTIC: [2] Illegal string offset 'id' G:\WWW\educate\Application\Common\Model\AdminModel.class.php 第 47 行.
NOTIC: [8] Uninitialized string offset: 0 G:\WWW\educate\Application\Common\Model\AdminModel.class.php 第 47 行.
SQL: SHOW COLUMNS FROM `edu_admin` [ RunTime:0.0153s ]
SQL: SELECT * FROM `edu_admin` WHERE `id` = 1 LIMIT 1   [ RunTime:0.0008s ]
SQL: SELECT * FROM `edu_admin` WHERE `id` = 1 LIMIT 1   [ RunTime:0.0006s ]
SQL: SHOW COLUMNS FROM `edu_order` [ RunTime:0.0091s ]
SQL: SELECT * FROM `edu_order` WHERE `id` = 7 LIMIT 1   [ RunTime:0.0007s ]
SQL: SHOW COLUMNS FROM `edu_teacher` [ RunTime:0.0090s ]
SQL: SELECT * FROM `edu_teacher` WHERE ( 1=1 AND id='4' ) LIMIT 1   [ RunTime:0.0009s ]
SQL: SHOW COLUMNS FROM `edu_course` [ RunTime:0.0087s ]
SQL: SELECT * FROM `edu_course` WHERE ( 1=1 AND id='1' ) LIMIT 1   [ RunTime:0.0010s ]
SQL: SHOW COLUMNS FROM `edu_user` [ RunTime:0.0105s ]
SQL: SELECT * FROM `edu_user` WHERE ( 1=1 AND id='19' ) LIMIT 1   [ RunTime:0.0008s ]
INFO: [ view_parse ] --START--
INFO: [ template_filter ] --START--
INFO: Run Behavior\ContentReplaceBehavior [ RunTime:0.000609s ]
INFO: [ template_filter ] --END-- [ RunTime:0.001314s ]
INFO: Run Behavior\ParseTemplateBehavior [ RunTime:0.042543s ]
INFO: [ view_parse ] --END-- [ RunTime:0.043588s ]
INFO: [ view_filter ] --START--
INFO: Run Behavior\WriteHtmlCacheBehavior [ RunTime:0.001233s ]
INFO: Run Behavior\TokenBuildBehavior [ RunTime:0.001600s ]
INFO: [ view_filter ] --END-- [ RunTime:0.004105s ]
INFO: [ app_end ] --START--
INFO: Run Behavior\ShowPageTraceBehavior [ RunTime:0.002527s ]
INFO: [ app_end ] --END-- [ RunTime:0.003572s ]

[ 2018-06-14T12:55:46+08:00 ] 127.0.0.1 /Admin/Teacher/check_teacher
INFO: [ app_begin ] --START--
INFO: Run Behavior\ReadHtmlCacheBehavior [ RunTime:0.000980s ]
INFO: [ app_begin ] --END-- [ RunTime:0.002186s ]
NOTIC: [8] Undefined index: check_teacher G:\WWW\educate\Application\Admin\Common\function.php 第 60 行.
NOTIC: [2] Illegal string offset 'id' G:\WWW\educate\Application\Common\Model\AdminModel.class.php 第 47 行.
NOTIC: [8] Uninitialized string offset: 0 G:\WWW\educate\Application\Common\Model\AdminModel.class.php 第 47 行.
SQL: SHOW COLUMNS FROM `edu_admin` [ RunTime:0.0066s ]
SQL: SELECT * FROM `edu_admin` WHERE `id` = 1 LIMIT 1   [ RunTime:0.0008s ]
SQL: SELECT * FROM `edu_admin` WHERE `id` = 1 LIMIT 1   [ RunTime:0.0010s ]
SQL: SHOW COLUMNS FROM `edu_teacher` [ RunTime:0.0061s ]
SQL: UPDATE `edu_teacher` SET `status`='2' WHERE `id` = 20 [ RunTime:0.0027s ]
SQL: SELECT * FROM `edu_admin` WHERE `id` = 1 LIMIT 1   [ RunTime:0.0006s ]
SQL: SHOW COLUMNS FROM `edu_opt_log` [ RunTime:0.0069s ]
SQL: INSERT INTO `edu_opt_log` (`adminer`,`content`,`type`) VALUES ('总管理员','审核教师','2') [ RunTime:0.0031s ]

[ 2018-06-14T12:57:40+08:00 ] 127.0.0.1 /Admin/System/login_task
INFO: [ app_begin ] --START--
INFO: Run Behavior\ReadHtmlCacheBehavior [ RunTime:0.001115s ]
INFO: [ app_begin ] --END-- [ RunTime:0.002266s ]
NOTIC: [8] Undefined index: login_task G:\WWW\educate\Application\Admin\Common\function.php 第 60 行.
NOTIC: [2] Illegal string offset 'id' G:\WWW\educate\Application\Common\Model\AdminModel.class.php 第 47 行.
NOTIC: [8] Uninitialized string offset: 0 G:\WWW\educate\Application\Common\Model\AdminModel.class.php 第 47 行.
SQL: SHOW COLUMNS FROM `edu_admin` [ RunTime:0.0097s ]
SQL: SELECT * FROM `edu_admin` WHERE `id` = 2 LIMIT 1   [ RunTime:0.0006s ]
SQL: SELECT * FROM `edu_admin` WHERE `id` = 1 LIMIT 1   [ RunTime:0.0008s ]
ERR: 非法操作:login_task

[ 2018-06-14T12:58:44+08:00 ] 127.0.0.1 /Admin/System/login_task
INFO: [ app_begin ] --START--
INFO: Run Behavior\ReadHtmlCacheBehavior [ RunTime:0.001500s ]
INFO: [ app_begin ] --END-- [ RunTime:0.003625s ]
NOTIC: [8] Undefined index: login_task G:\WWW\educate\Application\Admin\Common\function.php 第 60 行.
NOTIC: [2] Illegal string offset 'id' G:\WWW\educate\Application\Common\Model\AdminModel.class.php 第 47 行.
NOTIC: [8] Uninitialized string offset: 0 G:\WWW\educate\Application\Common\Model\AdminModel.class.php 第 47 行.
SQL: SHOW COLUMNS FROM `edu_admin` [ RunTime:0.0202s ]
SQL: SELECT * FROM `edu_admin` WHERE `id` = 1 LIMIT 1   [ RunTime:0.0007s ]
ERR: 非法操作:login_task

[ 2018-06-14T12:58:55+08:00 ] 127.0.0.1 /Admin/Admin/login?t=0.799072659295661
INFO: [ app_begin ] --START--
INFO: Run Behavior\ReadHtmlCacheBehavior [ RunTime:0.001082s ]
INFO: [ app_begin ] --END-- [ RunTime:0.002398s ]
NOTIC: [8] Undefined index: login G:\WWW\educate\Application\Admin\Common\function.php 第 60 行.
SQL: SHOW COLUMNS FROM `edu_admin` [ RunTime:0.0133s ]
SQL: SELECT * FROM `edu_admin` WHERE `user_name` = 'zhutao' AND `password` = '519475228fe35ad067744465c42a19b2' LIMIT 1   [ RunTime:0.0007s ]

[ 2018-06-14T12:59:01+08:00 ] 127.0.0.1 /Admin/Admin/login?t=0.06347229727037118
INFO: [ app_begin ] --START--
INFO: Run Behavior\ReadHtmlCacheBehavior [ RunTime:0.001188s ]
INFO: [ app_begin ] --END-- [ RunTime:0.002358s ]
NOTIC: [8] Undefined index: login G:\WWW\educate\Application\Admin\Common\function.php 第 60 行.
SQL: SHOW COLUMNS FROM `edu_admin` [ RunTime:0.0140s ]
SQL: SELECT * FROM `edu_admin` WHERE `user_name` = 'zhutao' AND `password` = '519475228fe35ad067744465c42a19b2' LIMIT 1   [ RunTime:0.0007s ]

[ 2018-06-14T12:59:12+08:00 ] 127.0.0.1 /Admin/Admin/login?t=0.8974928386005045
INFO: [ app_begin ] --START--
INFO: Run Behavior\ReadHtmlCacheBehavior [ RunTime:0.001406s ]
INFO: [ app_begin ] --END-- [ RunTime:0.002640s ]
NOTIC: [8] Undefined index: login G:\WWW\educate\Application\Admin\Common\function.php 第 60 行.
SQL: SHOW COLUMNS FROM `edu_admin` [ RunTime:0.0125s ]
SQL: SELECT * FROM `edu_admin` WHERE `user_name` = 'zhutao' AND `password` = 'c96bc2f6606925da75da2b825f57e97b' LIMIT 1   [ RunTime:0.0007s ]

[ 2018-06-14T12:59:15+08:00 ] 127.0.0.1 /Admin/Admin/login?t=0.1838292573407445
INFO: [ app_begin ] --START--
INFO: Run Behavior\ReadHtmlCacheBehavior [ RunTime:0.001070s ]
INFO: [ app_begin ] --END-- [ RunTime:0.002161s ]
NOTIC: [8] Undefined index: login G:\WWW\educate\Application\Admin\Common\function.php 第 60 行.
SQL: SHOW COLUMNS FROM `edu_admin` [ RunTime:0.0130s ]
SQL: SELECT * FROM `edu_admin` WHERE `user_name` = 'zhutao' AND `password` = 'c96bc2f6606925da75da2b825f57e97b' LIMIT 1   [ RunTime:0.0006s ]

[ 2018-06-14T12:59:17+08:00 ] 127.0.0.1 /Admin/Admin/login?t=0.7271944785699556
INFO: [ app_begin ] --START--
INFO: Run Behavior\ReadHtmlCacheBehavior [ RunTime:0.001178s ]
INFO: [ app_begin ] --END-- [ RunTime:0.002336s ]
NOTIC: [8] Undefined index: login G:\WWW\educate\Application\Admin\Common\function.php 第 60 行.
SQL: SHOW COLUMNS FROM `edu_admin` [ RunTime:0.0130s ]
SQL: SELECT * FROM `edu_admin` WHERE `user_name` = 'zhutao' AND `password` = 'c96bc2f6606925da75da2b825f57e97b' LIMIT 1   [ RunTime:0.0009s ]

[ 2018-06-14T13:00:04+08:00 ] 127.0.0.1 /Admin/Admin/login?t=0.6465070046532395
INFO: [ app_begin ] --START--
INFO: Run Behavior\ReadHtmlCacheBehavior [ RunTime:0.001529s ]
INFO: [ app_begin ] --END-- [ RunTime:0.002839s ]
NOTIC: [8] Undefined index: login G:\WWW\educate\Application\Admin\Common\function.php 第 60 行.
SQL: SHOW COLUMNS FROM `edu_admin` [ RunTime:0.0138s ]
SQL: SELECT * FROM `edu_admin` WHERE `user_name` = 'admin' AND `password` = 'c96bc2f6606925da75da2b825f57e97b' LIMIT 1   [ RunTime:0.0007s ]

[ 2018-06-14T13:00:11+08:00 ] 127.0.0.1 /Admin/Admin/login?t=0.3638399319019143
INFO: [ app_begin ] --START--
INFO: Run Behavior\ReadHtmlCacheBehavior [ RunTime:0.001579s ]
INFO: [ app_begin ] --END-- [ RunTime:0.002729s ]
NOTIC: [8] Undefined index: login G:\WWW\educate\Application\Admin\Common\function.php 第 60 行.
SQL: SHOW COLUMNS FROM `edu_admin` [ RunTime:0.0129s ]
SQL: SELECT * FROM `edu_admin` WHERE `user_name` = 'admin' AND `password` = '519475228fe35ad067744465c42a19b2' LIMIT 1   [ RunTime:0.0007s ]
SQL: SELECT * FROM `edu_admin` WHERE `id` = 1 LIMIT 1   [ RunTime:0.0006s ]
SQL: SHOW COLUMNS FROM `edu_opt_log` [ RunTime:0.0087s ]
SQL: INSERT INTO `edu_opt_log` (`adminer`,`content`,`type`) VALUES ('总管理员','登录后台','1') [ RunTime:0.0029s ]

[ 2018-06-14T13:00:15+08:00 ] 127.0.0.1 /Admin/System/login_task
INFO: [ app_begin ] --START--
INFO: Run Behavior\ReadHtmlCacheBehavior [ RunTime:0.003237s ]
INFO: [ app_begin ] --END-- [ RunTime:0.005680s ]
NOTIC: [8] Undefined index: login_task G:\WWW\educate\Application\Admin\Common\function.php 第 60 行.
NOTIC: [2] Illegal string offset 'id' G:\WWW\educate\Application\Common\Model\AdminModel.class.php 第 47 行.
NOTIC: [8] Uninitialized string offset: 0 G:\WWW\educate\Application\Common\Model\AdminModel.class.php 第 47 行.
SQL: SHOW COLUMNS FROM `edu_admin` [ RunTime:0.0164s ]
SQL: SELECT * FROM `edu_admin` WHERE `id` = 1 LIMIT 1   [ RunTime:0.0010s ]
ERR: 非法操作:login_task

[ 2018-06-14T13:01:15+08:00 ] 127.0.0.1 /Admin/System/login_task
INFO: [ app_begin ] --START--
INFO: Run Behavior\ReadHtmlCacheBehavior [ RunTime:0.001535s ]
INFO: [ app_begin ] --END-- [ RunTime:0.002888s ]
NOTIC: [8] Undefined index: login_task G:\WWW\educate\Application\Admin\Common\function.php 第 60 行.
NOTIC: [2] Illegal string offset 'id' G:\WWW\educate\Application\Common\Model\AdminModel.class.php 第 47 行.
NOTIC: [8] Uninitialized string offset: 0 G:\WWW\educate\Application\Common\Model\AdminModel.class.php 第 47 行.
SQL: SHOW COLUMNS FROM `edu_admin` [ RunTime:0.0077s ]
SQL: SELECT * FROM `edu_admin` WHERE `id` = 3 LIMIT 1   [ RunTime:0.0007s ]
SQL: SELECT * FROM `edu_admin` WHERE `id` = 1 LIMIT 1   [ RunTime:0.0006s ]
ERR: 非法操作:login_task

[ 2018-06-14T13:01:18+08:00 ] 127.0.0.1 /Admin/System/login_task
INFO: [ app_begin ] --START--
INFO: Run Behavior\ReadHtmlCacheBehavior [ RunTime:0.001114s ]
INFO: [ app_begin ] --END-- [ RunTime:0.002971s ]
NOTIC: [8] Undefined index: login_task G:\WWW\educate\Application\Admin\Common\function.php 第 60 行.
NOTIC: [2] Illegal string offset 'id' G:\WWW\educate\Application\Common\Model\AdminModel.class.php 第 47 行.
NOTIC: [8] Uninitialized string offset: 0 G:\WWW\educate\Application\Common\Model\AdminModel.class.php 第 47 行.
SQL: SHOW COLUMNS FROM `edu_admin` [ RunTime:0.0137s ]
SQL: SELECT * FROM `edu_admin` WHERE `id` = 1 LIMIT 1   [ RunTime:0.0010s ]
ERR: 非法操作:login_task

[ 2018-06-14T13:10:38+08:00 ] 127.0.0.1 /Admin/Course/edit_course_type
INFO: [ app_begin ] --START--
INFO: Run Behavior\ReadHtmlCacheBehavior [ RunTime:0.001311s ]
INFO: [ app_begin ] --END-- [ RunTime:0.002532s ]
NOTIC: [8] Undefined index: edit_course_type G:\WWW\educate\Application\Admin\Common\function.php 第 60 行.
NOTIC: [2] Illegal string offset 'id' G:\WWW\educate\Application\Common\Model\AdminModel.class.php 第 47 行.
NOTIC: [8] Uninitialized string offset: 0 G:\WWW\educate\Application\Common\Model\AdminModel.class.php 第 47 行.
SQL: SHOW COLUMNS FROM `edu_admin` [ RunTime:0.0119s ]
SQL: SELECT * FROM `edu_admin` WHERE `id` = 1 LIMIT 1   [ RunTime:0.0007s ]
SQL: SELECT * FROM `edu_admin` WHERE `id` = 1 LIMIT 1   [ RunTime:0.0006s ]
SQL: SHOW COLUMNS FROM `edu_course_type` [ RunTime:0.0072s ]
SQL: SELECT * FROM `edu_course_type` WHERE `id` = 1 LIMIT 1   [ RunTime:0.0007s ]
SQL: SELECT MAX(sort_index) AS tp_max FROM `edu_course_type` LIMIT 1   [ RunTime:0.0017s ]
INFO: [ view_parse ] --START--
INFO: [ template_filter ] --START--
INFO: Run Behavior\ContentReplaceBehavior [ RunTime:0.000287s ]
INFO: [ template_filter ] --END-- [ RunTime:0.000752s ]
INFO: Run Behavior\ParseTemplateBehavior [ RunTime:0.016673s ]
INFO: [ view_parse ] --END-- [ RunTime:0.017512s ]
INFO: [ view_filter ] --START--
INFO: Run Behavior\WriteHtmlCacheBehavior [ RunTime:0.001271s ]
INFO: Run Behavior\TokenBuildBehavior [ RunTime:0.000977s ]
INFO: [ view_filter ] --END-- [ RunTime:0.003244s ]
INFO: [ app_end ] --START--
INFO: Run Behavior\ShowPageTraceBehavior [ RunTime:0.001042s ]
INFO: [ app_end ] --END-- [ RunTime:0.001572s ]

[ 2018-06-14T13:10:41+08:00 ] 127.0.0.1 /Admin/Course/edit_course_type
INFO: [ app_begin ] --START--
INFO: Run Behavior\ReadHtmlCacheBehavior [ RunTime:0.001002s ]
INFO: [ app_begin ] --END-- [ RunTime:0.002060s ]
NOTIC: [8] Undefined index: edit_course_type G:\WWW\educate\Application\Admin\Common\function.php 第 60 行.
NOTIC: [2] Illegal string offset 'id' G:\WWW\educate\Application\Common\Model\AdminModel.class.php 第 47 行.
NOTIC: [8] Uninitialized string offset: 0 G:\WWW\educate\Application\Common\Model\AdminModel.class.php 第 47 行.
SQL: SHOW COLUMNS FROM `edu_admin` [ RunTime:0.0122s ]
SQL: SELECT * FROM `edu_admin` WHERE `id` = 1 LIMIT 1   [ RunTime:0.0007s ]
SQL: SELECT * FROM `edu_admin` WHERE `id` = 1 LIMIT 1   [ RunTime:0.0005s ]
SQL: SHOW COLUMNS FROM `edu_course_type` [ RunTime:0.0058s ]
SQL: SELECT MAX(sort_index) AS tp_max FROM `edu_course_type` LIMIT 1   [ RunTime:0.0007s ]
INFO: [ view_parse ] --START--
INFO: [ template_filter ] --START--
INFO: Run Behavior\ContentReplaceBehavior [ RunTime:0.000249s ]
INFO: [ template_filter ] --END-- [ RunTime:0.000717s ]
NOTIC: [8] Undefined index: id G:\WWW\educate\Application\Runtime\Cache\Admin\c04121c2ea33b6b1fe71fd3f922aa16a.php 第 2 行.
NOTIC: [8] Undefined index: name G:\WWW\educate\Application\Runtime\Cache\Admin\c04121c2ea33b6b1fe71fd3f922aa16a.php 第 7 行.
NOTIC: [8] Undefined index: pic G:\WWW\educate\Application\Runtime\Cache\Admin\c04121c2ea33b6b1fe71fd3f922aa16a.php 第 13 行.
NOTIC: [8] Undefined index: pic G:\WWW\educate\Application\Runtime\Cache\Admin\c04121c2ea33b6b1fe71fd3f922aa16a.php 第 17 行.
INFO: Run Behavior\ParseTemplateBehavior [ RunTime:0.017923s ]
INFO: [ view_parse ] --END-- [ RunTime:0.018572s ]
INFO: [ view_filter ] --START--
INFO: Run Behavior\WriteHtmlCacheBehavior [ RunTime:0.001178s ]
INFO: Run Behavior\TokenBuildBehavior [ RunTime:0.000925s ]
INFO: [ view_filter ] --END-- [ RunTime:0.002925s ]
INFO: [ app_end ] --START--
INFO: Run Behavior\ShowPageTraceBehavior [ RunTime:0.001035s ]
INFO: [ app_end ] --END-- [ RunTime:0.001497s ]

[ 2018-06-14T13:12:15+08:00 ] 127.0.0.1 /Admin/Admin/login?t=0.7848609150945867
INFO: [ app_begin ] --START--
INFO: Run Behavior\ReadHtmlCacheBehavior [ RunTime:0.001052s ]
INFO: [ app_begin ] --END-- [ RunTime:0.002153s ]
NOTIC: [8] Undefined index: login G:\WWW\educate\Application\Admin\Common\function.php 第 60 行.
SQL: SHOW COLUMNS FROM `edu_admin` [ RunTime:0.0125s ]
SQL: SELECT * FROM `edu_admin` WHERE `user_name` = 'admin' AND `password` = '519475228fe35ad067744465c42a19b2' LIMIT 1   [ RunTime:0.0010s ]
SQL: SELECT * FROM `edu_admin` WHERE `id` = 1 LIMIT 1   [ RunTime:0.0006s ]
SQL: SHOW COLUMNS FROM `edu_opt_log` [ RunTime:0.0058s ]
SQL: INSERT INTO `edu_opt_log` (`adminer`,`content`,`type`) VALUES ('总管理员','登录后台','1') [ RunTime:0.0022s ]

[ 2018-06-14T13:12:19+08:00 ] 127.0.0.1 /Admin/System/login_task
INFO: [ app_begin ] --START--
INFO: Run Behavior\ReadHtmlCacheBehavior [ RunTime:0.001388s ]
INFO: [ app_begin ] --END-- [ RunTime:0.002904s ]
NOTIC: [8] Undefined index: login_task G:\WWW\educate\Application\Admin\Common\function.php 第 60 行.
NOTIC: [2] Illegal string offset 'id' G:\WWW\educate\Application\Common\Model\AdminModel.class.php 第 47 行.
NOTIC: [8] Uninitialized string offset: 0 G:\WWW\educate\Application\Common\Model\AdminModel.class.php 第 47 行.
SQL: SHOW COLUMNS FROM `edu_admin` [ RunTime:0.0159s ]
SQL: SELECT * FROM `edu_admin` WHERE `id` = 1 LIMIT 1   [ RunTime:0.0007s ]
ERR: 非法操作:login_task

