[ 2018-06-13T09:41:17+08:00 ] 127.0.0.1 /Admin/Admin/login?t=0.9369013906324761
INFO: [ app_begin ] --START--
INFO: Run Behavior\ReadHtmlCacheBehavior [ RunTime:0.000304s ]
INFO: [ app_begin ] --END-- [ RunTime:0.000553s ]
NOTIC: [8] Undefined index: login D:\www\educate\Application\Admin\Common\function.php 第 60 行.
ERR: Undefined class constant 'MYSQL_ATTR_INIT_COMMAND'

[ 2018-06-13T09:48:11+08:00 ] 127.0.0.1 /Admin/Admin/login?t=0.03917689142721015
INFO: [ app_begin ] --START--
INFO: Run Behavior\ReadHtmlCacheBehavior [ RunTime:0.000474s ]
INFO: [ app_begin ] --END-- [ RunTime:0.000835s ]
NOTIC: [8] Undefined index: login D:\www\educate\Application\Admin\Common\function.php 第 60 行.
ERR: could not find driver

[ 2018-06-13T09:49:33+08:00 ] 127.0.0.1 /Admin/Admin/login?t=0.5471653437836295
INFO: [ app_begin ] --START--
INFO: Run Behavior\ReadHtmlCacheBehavior [ RunTime:0.000364s ]
INFO: [ app_begin ] --END-- [ RunTime:0.000628s ]
NOTIC: [8] Undefined index: login D:\www\educate\Application\Admin\Common\function.php 第 60 行.
ERR: Undefined class constant 'MYSQL_ATTR_INIT_COMMAND'

[ 2018-06-13T09:56:16+08:00 ] 127.0.0.1 /Admin/Admin/login?t=0.025761305821059732
INFO: [ app_begin ] --START--
INFO: Run Behavior\ReadHtmlCacheBehavior [ RunTime:0.000355s ]
INFO: [ app_begin ] --END-- [ RunTime:0.000699s ]
NOTIC: [8] Undefined index: login D:\www\educate\Application\Admin\Common\function.php 第 60 行.
ERR: could not find driver

[ 2018-06-13T09:56:26+08:00 ] 127.0.0.1 /Admin/Admin/login?t=0.29654630507188684
INFO: [ app_begin ] --START--
INFO: Run Behavior\ReadHtmlCacheBehavior [ RunTime:0.000236s ]
INFO: [ app_begin ] --END-- [ RunTime:0.000451s ]
NOTIC: [8] Undefined index: login D:\www\educate\Application\Admin\Common\function.php 第 60 行.
ERR: Undefined class constant 'MYSQL_ATTR_INIT_COMMAND'

[ 2018-06-13T10:16:49+08:00 ] 127.0.0.1 /Admin/Admin/login?t=0.08538674476442143
INFO: [ app_begin ] --START--
INFO: Run Behavior\ReadHtmlCacheBehavior [ RunTime:0.000238s ]
INFO: [ app_begin ] --END-- [ RunTime:0.000448s ]
NOTIC: [8] Undefined index: login D:\www\educate\Application\Admin\Common\function.php 第 60 行.
ERR: Undefined class constant 'MYSQL_ATTR_INIT_COMMAND'

[ 2018-06-13T10:19:14+08:00 ] 127.0.0.1 /Admin/Admin/login?t=0.624919923598503
INFO: [ app_begin ] --START--
INFO: Run Behavior\ReadHtmlCacheBehavior [ RunTime:0.000295s ]
INFO: [ app_begin ] --END-- [ RunTime:0.000498s ]
NOTIC: [8] Undefined index: login D:\www\educate\Application\Admin\Common\function.php 第 60 行.
ERR: Undefined class constant 'MYSQL_ATTR_INIT_COMMAND'

[ 2018-06-13T10:31:11+08:00 ] 127.0.0.1 /Admin/Admin/login?t=0.9213400187052272
INFO: [ app_begin ] --START--
INFO: Run Behavior\ReadHtmlCacheBehavior [ RunTime:0.000260s ]
INFO: [ app_begin ] --END-- [ RunTime:0.000475s ]
NOTIC: [8] Undefined index: login D:\www\educate\Application\Admin\Common\function.php 第 60 行.
ERR: SQLSTATE[HY000] [1045] Access denied for user 'root'@'localhost' (using password: NO)

[ 2018-06-13T10:32:37+08:00 ] 127.0.0.1 /Admin/Admin/login?t=0.011255343259303885
INFO: [ app_begin ] --START--
INFO: Run Behavior\ReadHtmlCacheBehavior [ RunTime:0.001109s ]
INFO: [ app_begin ] --END-- [ RunTime:0.001528s ]
NOTIC: [8] Undefined index: login D:\www\educate\Application\Admin\Common\function.php 第 60 行.
ERR: SQLSTATE[HY000] [1045] Access denied for user 'root'@'localhost' (using password: YES)

[ 2018-06-13T10:32:58+08:00 ] 127.0.0.1 /Admin/Admin/login?t=0.3563910528491252
INFO: [ app_begin ] --START--
INFO: Run Behavior\ReadHtmlCacheBehavior [ RunTime:0.001663s ]
INFO: [ app_begin ] --END-- [ RunTime:0.002226s ]
NOTIC: [8] Undefined index: login D:\www\educate\Application\Admin\Common\function.php 第 60 行.
ERR: SQLSTATE[HY000] [1045] Access denied for user 'root'@'localhost' (using password: YES)

[ 2018-06-13T10:33:17+08:00 ] 127.0.0.1 /Admin/Admin/login?t=0.5979358516698308
INFO: [ app_begin ] --START--
INFO: Run Behavior\ReadHtmlCacheBehavior [ RunTime:0.000346s ]
INFO: [ app_begin ] --END-- [ RunTime:0.000921s ]
NOTIC: [8] Undefined index: login D:\www\educate\Application\Admin\Common\function.php 第 60 行.
ERR: SQLSTATE[HY000] [1045] Access denied for user 'root'@'localhost' (using password: YES)

[ 2018-06-13T10:36:07+08:00 ] 127.0.0.1 /Admin/Admin/login?t=0.668446985580178
INFO: [ app_begin ] --START--
INFO: Run Behavior\ReadHtmlCacheBehavior [ RunTime:0.000527s ]
INFO: [ app_begin ] --END-- [ RunTime:0.000903s ]
NOTIC: [8] Undefined index: login D:\www\educate\Application\Admin\Common\function.php 第 60 行.
ERR: SQLSTATE[HY000] [1045] Access denied for user 'root'@'localhost' (using password: YES)

[ 2018-06-13T10:36:23+08:00 ] 127.0.0.1 /Admin/Admin/login?t=0.10136499885899553
INFO: [ app_begin ] --START--
INFO: Run Behavior\ReadHtmlCacheBehavior [ RunTime:0.000391s ]
INFO: [ app_begin ] --END-- [ RunTime:0.000654s ]
NOTIC: [8] Undefined index: login D:\www\educate\Application\Admin\Common\function.php 第 60 行.
ERR: SQLSTATE[HY000] [1045] Access denied for user 'root'@'localhost' (using password: YES)

[ 2018-06-13T10:37:28+08:00 ] 127.0.0.1 /Admin/Admin/login?t=0.8172530136066687
INFO: [ app_begin ] --START--
INFO: Run Behavior\ReadHtmlCacheBehavior [ RunTime:0.000324s ]
INFO: [ app_begin ] --END-- [ RunTime:0.000649s ]
NOTIC: [8] Undefined index: login D:\www\educate\Application\Admin\Common\function.php 第 60 行.
ERR: SQLSTATE[HY000] [1045] Access denied for user 'root'@'localhost' (using password: YES)

[ 2018-06-13T10:37:35+08:00 ] 127.0.0.1 /Admin/Admin/login?t=0.9948933806374385
INFO: [ app_begin ] --START--
INFO: Run Behavior\ReadHtmlCacheBehavior [ RunTime:0.000238s ]
INFO: [ app_begin ] --END-- [ RunTime:0.000433s ]
NOTIC: [8] Undefined index: login D:\www\educate\Application\Admin\Common\function.php 第 60 行.
ERR: SQLSTATE[HY000] [1045] Access denied for user 'root'@'localhost' (using password: YES)

[ 2018-06-13T10:39:47+08:00 ] 127.0.0.1 /Admin/Admin/login?t=0.09002460312993588
INFO: [ app_begin ] --START--
INFO: Run Behavior\ReadHtmlCacheBehavior [ RunTime:0.000302s ]
INFO: [ app_begin ] --END-- [ RunTime:0.000528s ]
NOTIC: [8] Undefined index: login D:\www\educate\Application\Admin\Common\function.php 第 60 行.
ERR: SQLSTATE[HY000] [1045] Access denied for user 'root'@'localhost' (using password: YES)

[ 2018-06-13T10:39:57+08:00 ] 127.0.0.1 /Admin/Admin/login?t=0.12550891065049163
INFO: [ app_begin ] --START--
INFO: Run Behavior\ReadHtmlCacheBehavior [ RunTime:0.000267s ]
INFO: [ app_begin ] --END-- [ RunTime:0.000672s ]
NOTIC: [8] Undefined index: login D:\www\educate\Application\Admin\Common\function.php 第 60 行.
ERR: SQLSTATE[HY000] [1045] Access denied for user 'root'@'localhost' (using password: YES)

[ 2018-06-13T10:40:22+08:00 ] 127.0.0.1 /Admin/Admin/login?t=0.06515625419176563
INFO: [ app_begin ] --START--
INFO: Run Behavior\ReadHtmlCacheBehavior [ RunTime:0.000234s ]
INFO: [ app_begin ] --END-- [ RunTime:0.000431s ]
NOTIC: [8] Undefined index: login D:\www\educate\Application\Admin\Common\function.php 第 60 行.
ERR: SQLSTATE[HY000] [1045] Access denied for user 'root'@'localhost' (using password: YES)

[ 2018-06-13T10:40:32+08:00 ] 127.0.0.1 /Admin/Admin/login?t=0.5087037098843177
INFO: [ app_begin ] --START--
INFO: Run Behavior\ReadHtmlCacheBehavior [ RunTime:0.000412s ]
INFO: [ app_begin ] --END-- [ RunTime:0.000774s ]
NOTIC: [8] Undefined index: login D:\www\educate\Application\Admin\Common\function.php 第 60 行.
ERR: SQLSTATE[HY000] [1045] Access denied for user 'root'@'localhost' (using password: YES)

[ 2018-06-13T10:48:39+08:00 ] 127.0.0.1 /Admin/Admin/login?t=0.9794916111625231
INFO: [ app_begin ] --START--
INFO: Run Behavior\ReadHtmlCacheBehavior [ RunTime:0.000313s ]
INFO: [ app_begin ] --END-- [ RunTime:0.000683s ]
NOTIC: [8] Undefined index: login D:\www\educate\Application\Admin\Common\function.php 第 60 行.
SQL: SHOW COLUMNS FROM `edu_admin` [ RunTime:0.1516s ]
SQL: SELECT * FROM `edu_admin` WHERE `user_name` = 'admin' AND `password` = '519475228fe35ad067744465c42a19b2' LIMIT 1   [ RunTime:0.0276s ]
SQL: SELECT * FROM `edu_admin` WHERE `id` = 1 LIMIT 1   [ RunTime:0.0070s ]
SQL: SHOW COLUMNS FROM `edu_opt_log` [ RunTime:0.0212s ]
SQL: INSERT INTO `edu_opt_log` (`adminer`,`content`,`type`) VALUES ('总管理员','登录后台','1') [ RunTime:0.0404s ]

[ 2018-06-13T10:48:45+08:00 ] 127.0.0.1 /Admin/System/login_task
INFO: [ app_begin ] --START--
INFO: Run Behavior\ReadHtmlCacheBehavior [ RunTime:0.000295s ]
INFO: [ app_begin ] --END-- [ RunTime:0.000506s ]
NOTIC: [8] Undefined index: login_task D:\www\educate\Application\Admin\Common\function.php 第 60 行.
NOTIC: [2] Illegal string offset 'id' D:\www\educate\Application\Common\Model\AdminModel.class.php 第 47 行.
NOTIC: [8] Uninitialized string offset: 0 D:\www\educate\Application\Common\Model\AdminModel.class.php 第 47 行.
SQL: SHOW COLUMNS FROM `edu_admin` [ RunTime:0.0143s ]
SQL: SELECT * FROM `edu_admin` WHERE `id` = 1 LIMIT 1   [ RunTime:0.0003s ]
ERR: 非法操作:login_task

[ 2018-06-13T10:48:59+08:00 ] 127.0.0.1 /Admin/System/login_task
INFO: [ app_begin ] --START--
INFO: Run Behavior\ReadHtmlCacheBehavior [ RunTime:0.000393s ]
INFO: [ app_begin ] --END-- [ RunTime:0.000764s ]
NOTIC: [8] Undefined index: login_task D:\www\educate\Application\Admin\Common\function.php 第 60 行.
NOTIC: [2] Illegal string offset 'id' D:\www\educate\Application\Common\Model\AdminModel.class.php 第 47 行.
NOTIC: [8] Uninitialized string offset: 0 D:\www\educate\Application\Common\Model\AdminModel.class.php 第 47 行.
SQL: SHOW COLUMNS FROM `edu_admin` [ RunTime:0.0085s ]
SQL: SELECT * FROM `edu_admin` WHERE `id` = 1 LIMIT 1   [ RunTime:0.0003s ]
ERR: 非法操作:login_task

[ 2018-06-13T10:49:00+08:00 ] 127.0.0.1 /Admin/System/login_task
INFO: [ app_begin ] --START--
INFO: Run Behavior\ReadHtmlCacheBehavior [ RunTime:0.000387s ]
INFO: [ app_begin ] --END-- [ RunTime:0.000748s ]
NOTIC: [8] Undefined index: login_task D:\www\educate\Application\Admin\Common\function.php 第 60 行.
NOTIC: [2] Illegal string offset 'id' D:\www\educate\Application\Common\Model\AdminModel.class.php 第 47 行.
NOTIC: [8] Uninitialized string offset: 0 D:\www\educate\Application\Common\Model\AdminModel.class.php 第 47 行.
SQL: SHOW COLUMNS FROM `edu_admin` [ RunTime:0.0111s ]
SQL: SELECT * FROM `edu_admin` WHERE `id` = 1 LIMIT 1   [ RunTime:0.0003s ]
ERR: 非法操作:login_task

[ 2018-06-13T10:49:09+08:00 ] 127.0.0.1 /Admin/Admin/login?t=0.5169318350207417
INFO: [ app_begin ] --START--
INFO: Run Behavior\ReadHtmlCacheBehavior [ RunTime:0.000365s ]
INFO: [ app_begin ] --END-- [ RunTime:0.000652s ]
NOTIC: [8] Undefined index: login D:\www\educate\Application\Admin\Common\function.php 第 60 行.
SQL: SHOW COLUMNS FROM `edu_admin` [ RunTime:0.0135s ]
SQL: SELECT * FROM `edu_admin` WHERE `user_name` = 'admin' AND `password` = '519475228fe35ad067744465c42a19b2' LIMIT 1   [ RunTime:0.0003s ]
SQL: SELECT * FROM `edu_admin` WHERE `id` = 1 LIMIT 1   [ RunTime:0.0002s ]
SQL: SHOW COLUMNS FROM `edu_opt_log` [ RunTime:0.0131s ]
SQL: INSERT INTO `edu_opt_log` (`adminer`,`content`,`type`) VALUES ('总管理员','登录后台','1') [ RunTime:0.0471s ]

[ 2018-06-13T10:49:13+08:00 ] 127.0.0.1 /Admin/System/login_task
INFO: [ app_begin ] --START--
INFO: Run Behavior\ReadHtmlCacheBehavior [ RunTime:0.000449s ]
INFO: [ app_begin ] --END-- [ RunTime:0.001416s ]
NOTIC: [8] Undefined index: login_task D:\www\educate\Application\Admin\Common\function.php 第 60 行.
NOTIC: [2] Illegal string offset 'id' D:\www\educate\Application\Common\Model\AdminModel.class.php 第 47 行.
NOTIC: [8] Uninitialized string offset: 0 D:\www\educate\Application\Common\Model\AdminModel.class.php 第 47 行.
SQL: SHOW COLUMNS FROM `edu_admin` [ RunTime:0.0125s ]
SQL: SELECT * FROM `edu_admin` WHERE `id` = 1 LIMIT 1   [ RunTime:0.0003s ]
ERR: 非法操作:login_task

